2024-01-07 20:20:31 Loading main app package /tmp/.mount_ObsidiPr87ch/resources/obsidian.asar
2024-01-07 20:20:31 Checking for update using Github
2024-01-07 20:20:31 Success.
2024-01-07 20:20:31 Latest version is 1.5.3
2024-01-07 20:20:31 App is up to date.
2024-01-07 20:28:40 Loading main app package /tmp/.mount_ObsidiDTKaWX/resources/obsidian.asar
2024-01-07 20:28:40 Checking for update using Github
2024-01-07 20:28:41 Success.
2024-01-07 20:28:41 Latest version is 1.5.3
2024-01-07 20:28:41 App is up to date.
2024-01-07 20:38:59 Loading main app package /tmp/.mount_ObsidimxCo3y/resources/obsidian.asar
2024-01-07 20:38:59 Checking for update using Github
2024-01-07 20:38:59 Success.
2024-01-07 20:38:59 Latest version is 1.5.3
2024-01-07 20:38:59 App is up to date.
2024-01-07 20:39:25 Loading main app package /tmp/.mount_ObsidiL6jo8s/resources/obsidian.asar
2024-01-07 20:39:25 Checking for update using Github
2024-01-07 20:39:25 Success.
2024-01-07 20:39:25 Latest version is 1.5.3
2024-01-07 20:39:25 App is up to date.
2024-01-07 21:14:42 Loading main app package /tmp/.mount_ObsiditxkyzQ/resources/obsidian.asar
2024-01-07 21:14:43 Checking for update using Github
2024-01-07 21:14:43 Failed to check for update using Github (net::ERR_INTERNET_DISCONNECTED)
2024-01-07 21:14:43 Checking for update using obsidian.md
2024-01-07 21:14:43 Failed to check for update using obsidian.md (net::ERR_INTERNET_DISCONNECTED)
2024-01-07 22:06:39 Loading main app package /tmp/.mount_ObsidiuSq5rU/resources/obsidian.asar
2024-01-07 22:06:39 Checking for update using Github
2024-01-07 22:06:39 Success.
2024-01-07 22:06:39 Latest version is 1.5.3
2024-01-07 22:06:39 App is up to date.
2024-01-07 23:06:39 Checking for update using Github
2024-01-07 23:06:39 Success.
2024-01-07 23:06:39 Latest version is 1.5.3
2024-01-07 23:06:39 App is up to date.
2024-01-08 00:06:39 Checking for update using Github
2024-01-08 00:06:39 Success.
2024-01-08 00:06:39 Latest version is 1.5.3
2024-01-08 00:06:39 App is up to date.
2024-01-08 00:19:08 Loading main app package /tmp/.mount_ObsidizWZO3t/resources/obsidian.asar
2024-01-08 00:19:08 Checking for update using Github
2024-01-08 00:19:09 Success.
2024-01-08 00:19:09 Latest version is 1.5.3
2024-01-08 00:19:09 App is up to date.
2024-01-08 00:28:10 Loading main app package /tmp/.mount_ObsidixUeFSF/resources/obsidian.asar
2024-01-08 00:28:10 Checking for update using Github
2024-01-08 00:28:10 Failed to check for update using Github (net::ERR_INTERNET_DISCONNECTED)
2024-01-08 00:28:10 Checking for update using obsidian.md
2024-01-08 00:28:10 Failed to check for update using obsidian.md (net::ERR_INTERNET_DISCONNECTED)
2024-01-08 00:31:33 Loading main app package /tmp/.mount_ObsidiZ8hJVS/resources/obsidian.asar
2024-01-08 00:31:33 Checking for update using Github
2024-01-08 00:31:33 Failed to check for update using Github (net::ERR_INTERNET_DISCONNECTED)
2024-01-08 00:31:33 Checking for update using obsidian.md
2024-01-08 00:31:33 Failed to check for update using obsidian.md (net::ERR_INTERNET_DISCONNECTED)
2024-01-08 00:39:42 Loading main app package /tmp/.mount_ObsidihS2mNz/resources/obsidian.asar
2024-01-08 00:39:42 Checking for update using Github
2024-01-08 00:39:42 Failed to check for update using Github (net::ERR_INTERNET_DISCONNECTED)
2024-01-08 00:39:42 Checking for update using obsidian.md
2024-01-08 00:39:42 Failed to check for update using obsidian.md (net::ERR_INTERNET_DISCONNECTED)
2024-01-08 00:44:42 Loading main app package /tmp/.mount_ObsidiwIA8eE/resources/obsidian.asar
2024-01-08 00:44:42 Checking for update using Github
2024-01-08 00:44:43 Failed to check for update using Github (net::ERR_INTERNET_DISCONNECTED)
2024-01-08 00:44:43 Checking for update using obsidian.md
2024-01-08 00:44:43 Failed to check for update using obsidian.md (net::ERR_INTERNET_DISCONNECTED)
2024-01-08 00:47:37 Loading main app package /tmp/.mount_ObsidiUl07MC/resources/obsidian.asar
2024-01-08 00:47:37 Checking for update using Github
2024-01-08 00:47:37 Failed to check for update using Github (net::ERR_INTERNET_DISCONNECTED)
2024-01-08 00:47:37 Checking for update using obsidian.md
2024-01-08 00:47:37 Failed to check for update using obsidian.md (net::ERR_INTERNET_DISCONNECTED)
2024-01-08 01:03:10 Loading main app package /tmp/.mount_ObsidipSF8RP/resources/obsidian.asar
2024-01-08 01:03:11 Checking for update using Github
2024-01-08 01:03:11 Success.
2024-01-08 01:03:11 Latest version is 1.5.3
2024-01-08 01:03:11 App is up to date.
2024-01-08 01:05:12 Loading main app package /tmp/.mount_Obsidi0lFHnA/resources/obsidian.asar
2024-01-08 01:05:12 Checking for update using Github
2024-01-08 01:05:13 Success.
2024-01-08 01:05:13 Latest version is 1.5.3
2024-01-08 01:05:13 App is up to date.
2024-01-08 02:34:04 Checking for update using Github
2024-01-08 02:34:04 Success.
2024-01-08 02:34:04 Latest version is 1.5.3
2024-01-08 02:34:04 App is up to date.
2024-01-08 03:34:04 Checking for update using Github
2024-01-08 03:34:04 Success.
2024-01-08 03:34:04 Latest version is 1.5.3
2024-01-08 03:34:04 App is up to date.
2024-01-08 04:34:04 Checking for update using Github
2024-01-08 04:34:04 Success.
2024-01-08 04:34:04 Latest version is 1.5.3
2024-01-08 04:34:04 App is up to date.
2024-01-08 15:33:05 Checking for update using Github
2024-01-08 15:33:05 Success.
2024-01-08 15:33:05 Latest version is 1.5.3
2024-01-08 15:33:05 App is up to date.
2024-01-08 18:34:44 Checking for update using Github
2024-01-08 18:34:44 Success.
2024-01-08 18:34:44 Latest version is 1.5.3
2024-01-08 18:34:44 App is up to date.
2024-01-08 19:14:28 Loading main app package /tmp/.mount_ObsidiZwxDER/resources/obsidian.asar
2024-01-08 19:14:29 Checking for update using Github
2024-01-08 19:14:29 Failed to check for update using Github (net::ERR_INTERNET_DISCONNECTED)
2024-01-08 19:14:29 Checking for update using obsidian.md
2024-01-08 19:14:29 Failed to check for update using obsidian.md (net::ERR_INTERNET_DISCONNECTED)
2024-01-08 20:15:02 Checking for update using Github
2024-01-08 20:15:02 Success.
2024-01-08 20:15:02 Latest version is 1.5.3
2024-01-08 20:15:02 App is up to date.
2024-01-08 21:15:02 Checking for update using Github
2024-01-08 21:15:02 Success.
2024-01-08 21:15:02 Latest version is 1.5.3
2024-01-08 21:15:02 App is up to date.
2024-01-08 22:15:02 Checking for update using Github
2024-01-08 22:15:03 Success.
2024-01-08 22:15:03 Latest version is 1.5.3
2024-01-08 22:15:03 App is up to date.
2024-01-08 23:04:55 Loading main app package /tmp/.mount_ObsidiEClObs/resources/obsidian.asar
2024-01-08 23:04:55 Checking for update using Github
2024-01-08 23:04:55 Failed to check for update using Github (net::ERR_INTERNET_DISCONNECTED)
2024-01-08 23:04:55 Checking for update using obsidian.md
2024-01-08 23:04:55 Failed to check for update using obsidian.md (net::ERR_INTERNET_DISCONNECTED)
2024-01-09 00:05:19 Checking for update using Github
2024-01-09 00:05:19 Success.
2024-01-09 00:05:19 Latest version is 1.5.3
2024-01-09 00:05:19 App is up to date.
2024-01-09 01:05:19 Checking for update using Github
2024-01-09 01:05:19 Success.
2024-01-09 01:05:19 Latest version is 1.5.3
2024-01-09 01:05:19 App is up to date.
2024-01-09 02:05:19 Checking for update using Github
2024-01-09 02:05:19 Success.
2024-01-09 02:05:19 Latest version is 1.5.3
2024-01-09 02:05:19 App is up to date.
2024-01-09 03:05:19 Checking for update using Github
2024-01-09 03:05:19 Success.
2024-01-09 03:05:19 Latest version is 1.5.3
2024-01-09 03:05:19 App is up to date.
2024-01-09 04:05:19 Checking for update using Github
2024-01-09 04:05:24 Success.
2024-01-09 04:05:24 Latest version is 1.5.3
2024-01-09 04:05:24 App is up to date.
2024-01-09 05:05:19 Checking for update using Github
2024-01-09 05:05:19 Success.
2024-01-09 05:05:19 Latest version is 1.5.3
2024-01-09 05:05:19 App is up to date.
2024-01-09 06:05:19 Checking for update using Github
2024-01-09 06:05:19 Success.
2024-01-09 06:05:19 Latest version is 1.5.3
2024-01-09 06:05:19 App is up to date.
2024-01-09 07:05:19 Checking for update using Github
2024-01-09 07:05:19 Success.
2024-01-09 07:05:19 Latest version is 1.5.3
2024-01-09 07:05:19 App is up to date.
2024-01-09 08:05:19 Checking for update using Github
2024-01-09 08:05:19 Success.
2024-01-09 08:05:19 Latest version is 1.5.3
2024-01-09 08:05:19 App is up to date.
2024-01-09 09:05:19 Checking for update using Github
2024-01-09 09:05:19 Success.
2024-01-09 09:05:19 Latest version is 1.5.3
2024-01-09 09:05:19 App is up to date.
2024-01-09 10:05:19 Checking for update using Github
2024-01-09 10:05:19 Success.
2024-01-09 10:05:19 Latest version is 1.5.3
2024-01-09 10:05:19 App is up to date.
2024-01-09 11:05:19 Checking for update using Github
2024-01-09 11:05:19 Success.
2024-01-09 11:05:19 Latest version is 1.5.3
2024-01-09 11:05:19 App is up to date.
2024-01-09 12:05:19 Checking for update using Github
2024-01-09 12:05:20 Success.
2024-01-09 12:05:20 Latest version is 1.5.3
2024-01-09 12:05:20 App is up to date.
2024-01-09 13:05:20 Checking for update using Github
2024-01-09 13:05:20 Success.
2024-01-09 13:05:20 Latest version is 1.5.3
2024-01-09 13:05:20 App is up to date.
2024-01-09 14:05:20 Checking for update using Github
2024-01-09 14:05:20 Success.
2024-01-09 14:05:20 Latest version is 1.5.3
2024-01-09 14:05:20 App is up to date.
2024-01-09 15:05:20 Checking for update using Github
2024-01-09 15:05:20 Success.
2024-01-09 15:05:20 Latest version is 1.5.3
2024-01-09 15:05:20 App is up to date.
2024-01-09 16:05:20 Checking for update using Github
2024-01-09 16:05:20 Success.
2024-01-09 16:05:20 Latest version is 1.5.3
2024-01-09 16:05:20 App is up to date.
2024-01-09 16:32:32 Loading main app package /tmp/.mount_ObsidirSjA7H/resources/obsidian.asar
2024-01-09 16:32:32 Checking for update using Github
2024-01-09 16:32:32 Failed to check for update using Github (net::ERR_INTERNET_DISCONNECTED)
2024-01-09 16:32:32 Checking for update using obsidian.md
2024-01-09 16:32:32 Failed to check for update using obsidian.md (net::ERR_INTERNET_DISCONNECTED)
2024-01-09 17:17:40 Loading main app package /tmp/.mount_ObsidiLwPNNp/resources/obsidian.asar
2024-01-09 17:17:40 Checking for update using Github
2024-01-09 17:17:41 Success.
2024-01-09 17:17:41 Latest version is 1.5.3
2024-01-09 17:17:41 App is up to date.
2024-01-09 18:09:59 Loading main app package /tmp/.mount_Obsidi4AYAbo/resources/obsidian.asar
2024-01-09 18:10:00 Checking for update using Github
2024-01-09 18:10:00 Failed to check for update using Github (net::ERR_INTERNET_DISCONNECTED)
2024-01-09 18:10:00 Checking for update using obsidian.md
2024-01-09 18:10:00 Failed to check for update using obsidian.md (net::ERR_INTERNET_DISCONNECTED)
2024-01-09 21:07:10 Checking for update using Github
2024-01-09 21:07:10 Success.
2024-01-09 21:07:10 Latest version is 1.5.3
2024-01-09 21:07:10 App is up to date.
2024-01-09 21:28:52 Loading main app package /tmp/.mount_ObsidiacdkGc/resources/obsidian.asar
2024-01-09 21:28:53 Checking for update using Github
2024-01-09 21:28:53 Failed to check for update using Github (net::ERR_INTERNET_DISCONNECTED)
2024-01-09 21:28:53 Checking for update using obsidian.md
2024-01-09 21:28:53 Failed to check for update using obsidian.md (net::ERR_INTERNET_DISCONNECTED)
2024-01-09 22:29:13 Checking for update using Github
2024-01-09 22:29:13 Success.
2024-01-09 22:29:13 Latest version is 1.5.3
2024-01-09 22:29:13 App is up to date.
2024-01-09 23:29:13 Checking for update using Github
2024-01-09 23:29:13 Success.
2024-01-09 23:29:13 Latest version is 1.5.3
2024-01-09 23:29:13 App is up to date.
2024-01-09 23:42:28 Loading main app package /tmp/.mount_ObsidinN1BJI/resources/obsidian.asar
2024-01-09 23:42:28 Checking for update using Github
2024-01-09 23:42:28 Success.
2024-01-09 23:42:28 Latest version is 1.5.3
2024-01-09 23:42:28 App is up to date.
2024-01-10 00:42:28 Checking for update using Github
2024-01-10 00:42:28 Success.
2024-01-10 00:42:28 Latest version is 1.5.3
2024-01-10 00:42:28 App is up to date.
2024-01-10 01:42:28 Checking for update using Github
2024-01-10 01:42:28 Success.
2024-01-10 01:42:28 Latest version is 1.5.3
2024-01-10 01:42:28 App is up to date.
2024-01-10 02:42:28 Checking for update using Github
2024-01-10 02:42:28 Success.
2024-01-10 02:42:28 Latest version is 1.5.3
2024-01-10 02:42:28 App is up to date.
2024-01-10 02:50:26 Loading main app package /tmp/.mount_Obsidig4Rrx2/resources/obsidian.asar
2024-01-10 02:50:27 Checking for update using Github
2024-01-10 02:50:27 Success.
2024-01-10 02:50:27 Latest version is 1.5.3
2024-01-10 02:50:27 App is up to date.
2024-01-10 04:01:30 Checking for update using Github
2024-01-10 04:01:31 Success.
2024-01-10 04:01:31 Latest version is 1.5.3
2024-01-10 04:01:31 App is up to date.
2024-01-10 05:01:31 Checking for update using Github
2024-01-10 05:01:31 Success.
2024-01-10 05:01:31 Latest version is 1.5.3
2024-01-10 05:01:31 App is up to date.
2024-01-10 06:01:31 Checking for update using Github
2024-01-10 06:01:31 Success.
2024-01-10 06:01:31 Latest version is 1.5.3
2024-01-10 06:01:31 App is up to date.
2024-01-10 07:01:31 Checking for update using Github
2024-01-10 07:01:31 Success.
2024-01-10 07:01:31 Latest version is 1.5.3
2024-01-10 07:01:31 App is up to date.
2024-01-10 08:01:31 Checking for update using Github
2024-01-10 08:01:31 Success.
2024-01-10 08:01:31 Latest version is 1.5.3
2024-01-10 08:01:31 App is up to date.
2024-01-10 09:01:31 Checking for update using Github
2024-01-10 09:01:31 Success.
2024-01-10 09:01:31 Latest version is 1.5.3
2024-01-10 09:01:31 App is up to date.
2024-01-10 10:01:32 Checking for update using Github
2024-01-10 10:01:32 Success.
2024-01-10 10:01:32 Latest version is 1.5.3
2024-01-10 10:01:32 App is up to date.
2024-01-10 11:01:32 Checking for update using Github
2024-01-10 11:01:32 Success.
2024-01-10 11:01:32 Latest version is 1.5.3
2024-01-10 11:01:32 App is up to date.
2024-01-10 12:01:32 Checking for update using Github
2024-01-10 12:01:32 Success.
2024-01-10 12:01:32 Latest version is 1.5.3
2024-01-10 12:01:32 App is up to date.
2024-01-10 13:01:32 Checking for update using Github
2024-01-10 13:01:32 Success.
2024-01-10 13:01:32 Latest version is 1.5.3
2024-01-10 13:01:32 App is up to date.
2024-01-10 14:01:32 Checking for update using Github
2024-01-10 14:01:32 Success.
2024-01-10 14:01:32 Latest version is 1.5.3
2024-01-10 14:01:32 App is up to date.
2024-01-10 14:02:01 Loading main app package /tmp/.mount_ObsidiRjryaO/resources/obsidian.asar
2024-01-10 14:02:02 Checking for update using Github
2024-01-10 14:02:02 Success.
2024-01-10 14:02:02 Latest version is 1.5.3
2024-01-10 14:02:02 App is up to date.
2024-01-10 16:21:47 Loading main app package /tmp/.mount_ObsidibURcAu/resources/obsidian.asar
2024-01-10 16:21:48 Checking for update using Github
2024-01-10 16:21:48 Failed to check for update using Github (net::ERR_INTERNET_DISCONNECTED)
2024-01-10 16:21:48 Checking for update using obsidian.md
2024-01-10 16:21:48 Failed to check for update using obsidian.md (net::ERR_INTERNET_DISCONNECTED)
2024-01-10 17:22:11 Checking for update using Github
2024-01-10 17:22:11 Success.
2024-01-10 17:22:11 Latest version is 1.5.3
2024-01-10 17:22:11 App is up to date.
2024-01-10 21:36:50 Checking for update using Github
2024-01-10 21:36:50 Success.
2024-01-10 21:36:50 Latest version is 1.5.3
2024-01-10 21:36:50 App is up to date.
2024-01-10 21:54:42 Loading main app package /tmp/.mount_Obsidif5zv8I/resources/obsidian.asar
2024-01-10 21:54:43 Checking for update using Github
2024-01-10 21:54:43 Failed to check for update using Github (net::ERR_INTERNET_DISCONNECTED)
2024-01-10 21:54:43 Checking for update using obsidian.md
2024-01-10 21:54:43 Failed to check for update using obsidian.md (net::ERR_INTERNET_DISCONNECTED)
2024-01-11 00:19:21 Loading main app package /tmp/.mount_ObsidiicU5iC/resources/obsidian.asar
2024-01-11 00:19:22 Checking for update using Github
2024-01-11 00:19:22 Failed to check for update using Github (net::ERR_INTERNET_DISCONNECTED)
2024-01-11 00:19:22 Checking for update using obsidian.md
2024-01-11 00:19:22 Failed to check for update using obsidian.md (net::ERR_INTERNET_DISCONNECTED)
2024-01-11 01:41:59 Checking for update using Github
2024-01-11 01:41:59 Success.
2024-01-11 01:41:59 Latest version is 1.5.3
2024-01-11 01:41:59 App is up to date.
2024-01-11 02:41:59 Checking for update using Github
2024-01-11 02:41:59 Success.
2024-01-11 02:41:59 Latest version is 1.5.3
2024-01-11 02:41:59 App is up to date.
2024-01-11 03:41:59 Checking for update using Github
2024-01-11 03:41:59 Success.
2024-01-11 03:41:59 Latest version is 1.5.3
2024-01-11 03:41:59 App is up to date.
2024-01-11 04:41:59 Checking for update using Github
2024-01-11 04:41:59 Success.
2024-01-11 04:41:59 Latest version is 1.5.3
2024-01-11 04:41:59 App is up to date.
2024-01-11 10:48:14 Loading main app package /tmp/.mount_ObsidinhTIWL/resources/obsidian.asar
2024-01-11 10:48:14 Checking for update using Github
2024-01-11 10:48:15 Failed to check for update using Github (net::ERR_INTERNET_DISCONNECTED)
2024-01-11 10:48:15 Checking for update using obsidian.md
2024-01-11 10:48:15 Failed to check for update using obsidian.md (net::ERR_INTERNET_DISCONNECTED)
2024-01-11 21:12:13 Checking for update using Github
2024-01-11 21:12:13 Success.
2024-01-11 21:12:13 Latest version is 1.5.3
2024-01-11 21:12:13 App is up to date.
2024-01-11 21:15:21 Loading main app package /tmp/.mount_ObsidiBNY8Qe/resources/obsidian.asar
2024-01-11 21:15:22 Checking for update using Github
2024-01-11 21:15:22 Success.
2024-01-11 21:15:22 Latest version is 1.5.3
2024-01-11 21:15:22 App is up to date.
2024-01-11 22:47:05 Checking for update using Github
2024-01-11 22:47:05 Success.
2024-01-11 22:47:05 Latest version is 1.5.3
2024-01-11 22:47:05 App is up to date.
2024-01-11 22:51:01 Loading main app package /tmp/.mount_ObsidiklR0Ey/resources/obsidian.asar
2024-01-11 22:51:01 Checking for update using Github
2024-01-11 22:51:01 Success.
2024-01-11 22:51:01 Latest version is 1.5.3
2024-01-11 22:51:01 App is up to date.
2024-01-12 15:56:18 Checking for update using Github
2024-01-12 15:56:18 Success.
2024-01-12 15:56:18 Latest version is 1.5.3
2024-01-12 15:56:18 App is up to date.
2024-01-12 16:56:18 Checking for update using Github
2024-01-12 16:56:18 Success.
2024-01-12 16:56:18 Latest version is 1.5.3
2024-01-12 16:56:18 App is up to date.
2024-01-12 20:55:55 Checking for update using Github
2024-01-12 20:55:55 Success.
2024-01-12 20:55:55 Latest version is 1.5.3
2024-01-12 20:55:55 App is up to date.
2024-01-12 21:55:58 Checking for update using Github
2024-01-12 21:55:58 Success.
2024-01-12 21:55:58 Latest version is 1.5.3
2024-01-12 21:55:58 App is up to date.
2024-01-12 22:28:16 Loading main app package /tmp/.mount_ObsidiTIpBGo/resources/obsidian.asar
2024-01-12 22:28:17 Checking for update using Github
2024-01-12 22:28:17 Failed to check for update using Github (net::ERR_INTERNET_DISCONNECTED)
2024-01-12 22:28:17 Checking for update using obsidian.md
2024-01-12 22:28:17 Failed to check for update using obsidian.md (net::ERR_INTERNET_DISCONNECTED)
2024-01-12 23:29:34 Checking for update using Github
2024-01-12 23:29:34 Success.
2024-01-12 23:29:34 Latest version is 1.5.3
2024-01-12 23:29:34 App is up to date.
2024-01-13 00:29:34 Checking for update using Github
2024-01-13 00:29:34 Success.
2024-01-13 00:29:34 Latest version is 1.5.3
2024-01-13 00:29:34 App is up to date.
2024-01-13 01:29:34 Checking for update using Github
2024-01-13 01:29:35 Success.
2024-01-13 01:29:35 Latest version is 1.5.3
2024-01-13 01:29:35 App is up to date.
2024-01-13 02:29:35 Checking for update using Github
2024-01-13 02:29:35 Success.
2024-01-13 02:29:35 Latest version is 1.5.3
2024-01-13 02:29:35 App is up to date.
2024-01-13 03:29:35 Checking for update using Github
2024-01-13 03:29:35 Success.
2024-01-13 03:29:35 Latest version is 1.5.3
2024-01-13 03:29:35 App is up to date.
2024-01-13 04:29:35 Checking for update using Github
2024-01-13 04:29:35 Success.
2024-01-13 04:29:35 Latest version is 1.5.3
2024-01-13 04:29:35 App is up to date.
2024-01-13 16:53:37 Checking for update using Github
2024-01-13 16:53:37 Success.
2024-01-13 16:53:37 Latest version is 1.5.3
2024-01-13 16:53:37 App is up to date.
2024-01-14 18:07:25 Loading main app package /tmp/.mount_ObsidibP3pra/resources/obsidian.asar
2024-01-14 18:07:25 Checking for update using Github
2024-01-14 18:07:26 Success.
2024-01-14 18:07:26 Latest version is 1.5.3
2024-01-14 18:07:26 App is up to date.
2024-01-14 19:07:25 Checking for update using Github
2024-01-14 19:07:25 Success.
2024-01-14 19:07:25 Latest version is 1.5.3
2024-01-14 19:07:25 App is up to date.
2024-01-14 20:07:25 Checking for update using Github
2024-01-14 20:07:25 Success.
2024-01-14 20:07:25 Latest version is 1.5.3
2024-01-14 20:07:25 App is up to date.
2024-01-14 21:07:25 Checking for update using Github
2024-01-14 21:07:25 Success.
2024-01-14 21:07:25 Latest version is 1.5.3
2024-01-14 21:07:25 App is up to date.
2024-01-14 22:44:38 Checking for update using Github
2024-01-14 22:44:38 Success.
2024-01-14 22:44:38 Latest version is 1.5.3
2024-01-14 22:44:38 App is up to date.
2024-01-15 16:42:45 Loading main app package /tmp/.mount_Obsidi3srDtg/resources/obsidian.asar
2024-01-15 16:42:46 Checking for update using Github
2024-01-15 16:42:46 Success.
2024-01-15 16:42:46 Latest version is 1.5.3
2024-01-15 16:42:46 App is up to date.
2024-01-15 17:42:45 Checking for update using Github
2024-01-15 17:42:45 Success.
2024-01-15 17:42:45 Latest version is 1.5.3
2024-01-15 17:42:45 App is up to date.
2024-01-15 18:42:45 Checking for update using Github
2024-01-15 18:42:45 Success.
2024-01-15 18:42:45 Latest version is 1.5.3
2024-01-15 18:42:45 App is up to date.
2024-01-15 19:42:45 Checking for update using Github
2024-01-15 19:42:45 Success.
2024-01-15 19:42:45 Latest version is 1.5.3
2024-01-15 19:42:45 App is up to date.
2024-01-15 20:06:51 Loading main app package /tmp/.mount_ObsidixSZD3O/resources/obsidian.asar
2024-01-15 20:06:51 Checking for update using Github
2024-01-15 20:06:51 Failed to check for update using Github (net::ERR_INTERNET_DISCONNECTED)
2024-01-15 20:06:51 Checking for update using obsidian.md
2024-01-15 20:06:51 Failed to check for update using obsidian.md (net::ERR_INTERNET_DISCONNECTED)
2024-01-15 21:08:47 Checking for update using Github
2024-01-15 21:08:47 Success.
2024-01-15 21:08:47 Latest version is 1.5.3
2024-01-15 21:08:47 App is up to date.
2024-01-15 22:08:47 Checking for update using Github
2024-01-15 22:08:47 Success.
2024-01-15 22:08:47 Latest version is 1.5.3
2024-01-15 22:08:47 App is up to date.
2024-01-16 01:38:06 Checking for update using Github
2024-01-16 01:38:07 Success.
2024-01-16 01:38:07 Latest version is 1.5.3
2024-01-16 01:38:07 App is up to date.
2024-01-16 02:38:07 Checking for update using Github
2024-01-16 02:38:07 Success.
2024-01-16 02:38:07 Latest version is 1.5.3
2024-01-16 02:38:07 App is up to date.
2024-01-16 15:22:14 Checking for update using Github
2024-01-16 15:22:14 Success.
2024-01-16 15:22:14 Latest version is 1.5.3
2024-01-16 15:22:14 App is up to date.
2024-01-16 15:28:45 Loading main app package /tmp/.mount_ObsidiASLtGw/resources/obsidian.asar
2024-01-16 15:28:46 Checking for update using Github
2024-01-16 15:28:46 Failed to check for update using Github (net::ERR_INTERNET_DISCONNECTED)
2024-01-16 15:28:46 Checking for update using obsidian.md
2024-01-16 15:28:46 Failed to check for update using obsidian.md (net::ERR_INTERNET_DISCONNECTED)
2024-01-16 16:29:12 Checking for update using Github
2024-01-16 16:29:12 Success.
2024-01-16 16:29:12 Latest version is 1.5.3
2024-01-16 16:29:12 App is up to date.
2024-01-16 17:29:12 Checking for update using Github
2024-01-16 17:29:12 Success.
2024-01-16 17:29:12 Latest version is 1.5.3
2024-01-16 17:29:12 App is up to date.
2024-01-16 18:45:01 Checking for update using Github
2024-01-16 18:45:01 Success.
2024-01-16 18:45:01 Latest version is 1.5.3
2024-01-16 18:45:01 App is up to date.
2024-01-16 18:48:58 Loading main app package /tmp/.mount_Obsidij28RJj/resources/obsidian.asar
2024-01-16 18:48:59 Checking for update using Github
2024-01-16 18:48:59 Success.
2024-01-16 18:48:59 Latest version is 1.5.3
2024-01-16 18:48:59 App is up to date.
2024-01-16 19:49:22 Checking for update using Github
2024-01-16 19:49:22 Success.
2024-01-16 19:49:22 Latest version is 1.5.3
2024-01-16 19:49:22 App is up to date.
2024-01-16 20:05:42 Loading main app package /tmp/.mount_Obsiditu8cKt/resources/obsidian.asar
2024-01-16 20:05:42 Checking for update using Github
2024-01-16 20:05:42 Failed to check for update using Github (net::ERR_INTERNET_DISCONNECTED)
2024-01-16 20:05:42 Checking for update using obsidian.md
2024-01-16 20:05:42 Failed to check for update using obsidian.md (net::ERR_INTERNET_DISCONNECTED)
2024-01-16 21:35:13 Checking for update using Github
2024-01-16 21:35:13 Success.
2024-01-16 21:35:13 Latest version is 1.5.3
2024-01-16 21:35:13 App is up to date.
2024-01-17 00:00:54 Checking for update using Github
2024-01-17 00:00:54 Success.
2024-01-17 00:00:54 Latest version is 1.5.3
2024-01-17 00:00:54 App is up to date.
2024-01-17 01:00:54 Checking for update using Github
2024-01-17 01:00:54 Success.
2024-01-17 01:00:54 Latest version is 1.5.3
2024-01-17 01:00:54 App is up to date.
2024-01-17 02:00:54 Checking for update using Github
2024-01-17 02:00:54 Success.
2024-01-17 02:00:54 Latest version is 1.5.3
2024-01-17 02:00:54 App is up to date.
2024-01-17 03:00:54 Checking for update using Github
2024-01-17 03:00:54 Success.
2024-01-17 03:00:54 Latest version is 1.5.3
2024-01-17 03:00:54 App is up to date.
2024-01-17 15:35:07 Checking for update using Github
2024-01-17 15:35:07 Success.
2024-01-17 15:35:07 Latest version is 1.5.3
2024-01-17 15:35:07 App is up to date.
2024-01-17 15:46:34 Loading main app package /tmp/.mount_ObsidizeEIAg/resources/obsidian.asar
2024-01-17 15:46:34 Checking for update using Github
2024-01-17 15:46:34 Failed to check for update using Github (net::ERR_INTERNET_DISCONNECTED)
2024-01-17 15:46:34 Checking for update using obsidian.md
2024-01-17 15:46:34 Failed to check for update using obsidian.md (net::ERR_INTERNET_DISCONNECTED)
2024-01-17 20:17:44 Checking for update using Github
2024-01-17 20:17:44 Success.
2024-01-17 20:17:44 Latest version is 1.5.3
2024-01-17 20:17:44 App is up to date.
2024-01-17 21:17:44 Checking for update using Github
2024-01-17 21:17:44 Success.
2024-01-17 21:17:44 Latest version is 1.5.3
2024-01-17 21:17:44 App is up to date.
2024-01-17 22:17:44 Checking for update using Github
2024-01-17 22:17:44 Success.
2024-01-17 22:17:44 Latest version is 1.5.3
2024-01-17 22:17:44 App is up to date.
2024-01-17 22:48:15 Loading main app package /tmp/.mount_Obsidi1B2Tyc/resources/obsidian.asar
2024-01-17 22:48:15 Checking for update using Github
2024-01-17 22:48:15 Failed to check for update using Github (net::ERR_INTERNET_DISCONNECTED)
2024-01-17 22:48:15 Checking for update using obsidian.md
2024-01-17 22:48:15 Failed to check for update using obsidian.md (net::ERR_INTERNET_DISCONNECTED)
2024-01-18 00:24:46 Checking for update using Github
2024-01-18 00:24:46 Success.
2024-01-18 00:24:46 Latest version is 1.5.3
2024-01-18 00:24:46 App is up to date.
2024-01-18 09:26:40 Loading main app package /tmp/.mount_ObsidiGlab4y/resources/obsidian.asar
2024-01-18 09:26:40 Checking for update using Github
2024-01-18 09:26:40 Success.
2024-01-18 09:26:40 Latest version is 1.5.3
2024-01-18 09:26:40 App is up to date.
2024-01-18 15:26:33 Checking for update using Github
2024-01-18 15:26:33 Success.
2024-01-18 15:26:33 Latest version is 1.5.3
2024-01-18 15:26:33 App is up to date.
2024-01-18 16:26:33 Checking for update using Github
2024-01-18 16:26:33 Success.
2024-01-18 16:26:33 Latest version is 1.5.3
2024-01-18 16:26:33 App is up to date.
2024-01-19 15:19:42 Checking for update using Github
2024-01-19 15:19:42 Success.
2024-01-19 15:19:42 Latest version is 1.5.3
2024-01-19 15:19:42 App is up to date.
2024-01-20 00:46:15 Checking for update using Github
2024-01-20 00:46:15 Success.
2024-01-20 00:46:15 Latest version is 1.5.3
2024-01-20 00:46:15 App is up to date.
2024-01-20 03:44:33 Checking for update using Github
2024-01-20 03:44:33 Success.
2024-01-20 03:44:33 Latest version is 1.5.3
2024-01-20 03:44:33 App is up to date.
2024-01-20 04:44:33 Checking for update using Github
2024-01-20 04:44:33 Success.
2024-01-20 04:44:33 Latest version is 1.5.3
2024-01-20 04:44:33 App is up to date.
2024-01-20 05:44:33 Checking for update using Github
2024-01-20 05:44:33 Success.
2024-01-20 05:44:33 Latest version is 1.5.3
2024-01-20 05:44:33 App is up to date.
2024-01-20 06:44:33 Checking for update using Github
2024-01-20 06:44:33 Success.
2024-01-20 06:44:33 Latest version is 1.5.3
2024-01-20 06:44:33 App is up to date.
2024-01-20 07:44:33 Checking for update using Github
2024-01-20 07:44:33 Success.
2024-01-20 07:44:33 Latest version is 1.5.3
2024-01-20 07:44:33 App is up to date.
2024-01-20 08:44:33 Checking for update using Github
2024-01-20 08:44:33 Success.
2024-01-20 08:44:33 Latest version is 1.5.3
2024-01-20 08:44:33 App is up to date.
2024-01-20 09:44:33 Checking for update using Github
2024-01-20 09:44:33 Success.
2024-01-20 09:44:33 Latest version is 1.5.3
2024-01-20 09:44:33 App is up to date.
2024-01-20 10:44:33 Checking for update using Github
2024-01-20 10:44:33 Success.
2024-01-20 10:44:33 Latest version is 1.5.3
2024-01-20 10:44:33 App is up to date.
2024-01-20 11:44:33 Checking for update using Github
2024-01-20 11:44:33 Success.
2024-01-20 11:44:33 Latest version is 1.5.3
2024-01-20 11:44:33 App is up to date.
2024-01-20 12:44:33 Checking for update using Github
2024-01-20 12:44:33 Success.
2024-01-20 12:44:33 Latest version is 1.5.3
2024-01-20 12:44:33 App is up to date.
2024-01-20 13:44:33 Checking for update using Github
2024-01-20 13:44:33 Success.
2024-01-20 13:44:33 Latest version is 1.5.3
2024-01-20 13:44:33 App is up to date.
2024-01-20 14:44:33 Checking for update using Github
2024-01-20 14:44:34 Success.
2024-01-20 14:44:34 Latest version is 1.5.3
2024-01-20 14:44:34 App is up to date.
2024-01-20 15:44:34 Checking for update using Github
2024-01-20 15:44:34 Success.
2024-01-20 15:44:34 Latest version is 1.5.3
2024-01-20 15:44:34 App is up to date.
2024-01-20 17:21:50 Loading main app package /tmp/.mount_Obsidi9DZOpf/resources/obsidian.asar
2024-01-20 17:21:51 Checking for update using Github
2024-01-20 17:21:51 Success.
2024-01-20 17:21:51 Latest version is 1.5.3
2024-01-20 17:21:51 App is up to date.
2024-01-20 18:02:21 Loading main app package /tmp/.mount_ObsidiEo4NUB/resources/obsidian.asar
2024-01-20 18:02:22 Checking for update using Github
2024-01-20 18:02:22 Failed to check for update using Github (net::ERR_INTERNET_DISCONNECTED)
2024-01-20 18:02:22 Checking for update using obsidian.md
2024-01-20 18:02:22 Failed to check for update using obsidian.md (net::ERR_INTERNET_DISCONNECTED)
2024-01-20 19:29:24 Checking for update using Github
2024-01-20 19:29:24 Success.
2024-01-20 19:29:24 Latest version is 1.5.3
2024-01-20 19:29:24 App is up to date.
2024-01-20 20:29:24 Checking for update using Github
2024-01-20 20:29:24 Success.
2024-01-20 20:29:24 Latest version is 1.5.3
2024-01-20 20:29:24 App is up to date.
2024-01-20 21:29:24 Checking for update using Github
2024-01-20 21:29:24 Success.
2024-01-20 21:29:24 Latest version is 1.5.3
2024-01-20 21:29:24 App is up to date.
2024-01-21 06:53:13 Checking for update using Github
2024-01-21 06:53:13 Success.
2024-01-21 06:53:13 Latest version is 1.5.3
2024-01-21 06:53:13 App is up to date.
2024-01-22 16:34:03 Checking for update using Github
2024-01-22 16:37:37 Loading main app package /tmp/.mount_ObsidijUTozg/resources/obsidian.asar
2024-01-22 16:37:38 Checking for update using Github
2024-01-22 16:37:38 Success.
2024-01-22 16:37:38 Latest version is 1.5.3
2024-01-22 16:37:38 App is up to date.
2024-01-22 17:37:59 Checking for update using Github
2024-01-22 17:37:59 Success.
2024-01-22 17:37:59 Latest version is 1.5.3
2024-01-22 17:37:59 App is up to date.
2024-01-22 18:52:25 Checking for update using Github
2024-01-22 18:52:35 Loading main app package /tmp/.mount_ObsidiApta5o/resources/obsidian.asar
2024-01-22 18:52:36 Checking for update using Github
2024-01-22 18:52:36 Failed to check for update using Github (net::ERR_INTERNET_DISCONNECTED)
2024-01-22 18:52:36 Checking for update using obsidian.md
2024-01-22 18:52:36 Failed to check for update using obsidian.md (net::ERR_INTERNET_DISCONNECTED)
2024-01-22 21:13:30 Checking for update using Github
2024-01-22 21:13:30 Success.
2024-01-22 21:13:30 Latest version is 1.5.3
2024-01-22 21:13:30 App is up to date.
2024-01-22 22:13:30 Checking for update using Github
2024-01-22 22:13:30 Success.
2024-01-22 22:13:30 Latest version is 1.5.3
2024-01-22 22:13:30 App is up to date.
2024-01-22 23:13:30 Checking for update using Github
2024-01-22 23:13:30 Success.
2024-01-22 23:13:30 Latest version is 1.5.3
2024-01-22 23:13:30 App is up to date.
2024-01-23 00:13:30 Checking for update using Github
2024-01-23 00:13:30 Success.
2024-01-23 00:13:30 Latest version is 1.5.3
2024-01-23 00:13:30 App is up to date.
2024-01-23 01:13:30 Checking for update using Github
2024-01-23 01:13:30 Success.
2024-01-23 01:13:30 Latest version is 1.5.3
2024-01-23 01:13:30 App is up to date.
2024-01-23 02:13:30 Checking for update using Github
2024-01-23 02:13:30 Success.
2024-01-23 02:13:30 Latest version is 1.5.3
2024-01-23 02:13:30 App is up to date.
2024-01-23 03:13:30 Checking for update using Github
2024-01-23 03:13:30 Success.
2024-01-23 03:13:30 Latest version is 1.5.3
2024-01-23 03:13:30 App is up to date.
2024-01-23 14:16:17 Checking for update using Github
2024-01-23 14:16:17 Success.
2024-01-23 14:16:17 Latest version is 1.5.3
2024-01-23 14:16:17 App is up to date.
2024-01-23 15:16:17 Checking for update using Github
2024-01-23 15:16:17 Success.
2024-01-23 15:16:17 Latest version is 1.5.3
2024-01-23 15:16:17 App is up to date.
2024-01-23 16:16:17 Checking for update using Github
2024-01-23 16:16:17 Success.
2024-01-23 16:16:17 Latest version is 1.5.3
2024-01-23 16:16:17 App is up to date.
2024-01-23 17:16:17 Checking for update using Github
2024-01-23 17:16:18 Success.
2024-01-23 17:16:18 Latest version is 1.5.3
2024-01-23 17:16:18 App is up to date.
2024-01-23 18:16:18 Checking for update using Github
2024-01-23 18:16:18 Success.
2024-01-23 18:16:18 Latest version is 1.5.3
2024-01-23 18:16:18 App is up to date.
2024-01-23 18:19:59 Loading main app package /tmp/.mount_ObsididYz2m8/resources/obsidian.asar
2024-01-23 18:20:00 Checking for update using Github
2024-01-23 18:20:00 Success.
2024-01-23 18:20:00 Latest version is 1.5.3
2024-01-23 18:20:00 App is up to date.
2024-01-23 18:33:18 Loading main app package /tmp/.mount_ObsidiibWBps/resources/obsidian.asar
2024-01-23 18:33:19 Checking for update using Github
2024-01-23 18:33:19 Failed to check for update using Github (net::ERR_INTERNET_DISCONNECTED)
2024-01-23 18:33:19 Checking for update using obsidian.md
2024-01-23 18:33:19 Failed to check for update using obsidian.md (net::ERR_INTERNET_DISCONNECTED)
2024-01-23 20:49:13 Loading main app package /tmp/.mount_Obsidi3gkv2B/resources/obsidian.asar
2024-01-23 20:49:13 Checking for update using Github
2024-01-23 20:49:13 Failed to check for update using Github (net::ERR_NAME_NOT_RESOLVED)
2024-01-23 20:49:13 Checking for update using obsidian.md
2024-01-23 20:49:13 Failed to check for update using obsidian.md (net::ERR_INTERNET_DISCONNECTED)
2024-01-23 21:49:35 Checking for update using Github
2024-01-23 21:49:35 Success.
2024-01-23 21:49:35 Latest version is 1.5.3
2024-01-23 21:49:35 App is up to date.
2024-01-23 22:49:35 Checking for update using Github
2024-01-23 22:49:35 Success.
2024-01-23 22:49:35 Latest version is 1.5.3
2024-01-23 22:49:35 App is up to date.
2024-01-23 23:49:35 Checking for update using Github
2024-01-23 23:49:35 Success.
2024-01-23 23:49:35 Latest version is 1.5.3
2024-01-23 23:49:35 App is up to date.
2024-01-24 00:49:35 Checking for update using Github
2024-01-24 00:49:35 Success.
2024-01-24 00:49:35 Latest version is 1.5.3
2024-01-24 00:49:35 App is up to date.
2024-01-24 01:49:35 Checking for update using Github
2024-01-24 01:49:35 Success.
2024-01-24 01:49:35 Latest version is 1.5.3
2024-01-24 01:49:35 App is up to date.
2024-01-24 03:49:26 Checking for update using Github
2024-01-24 03:49:26 Success.
2024-01-24 03:49:26 Latest version is 1.5.3
2024-01-24 03:49:26 App is up to date.
2024-01-24 15:26:15 Checking for update using Github
2024-01-24 15:26:15 Success.
2024-01-24 15:26:15 Latest version is 1.5.3
2024-01-24 15:26:15 App is up to date.
2024-01-24 16:26:15 Checking for update using Github
2024-01-24 16:26:15 Success.
2024-01-24 16:26:15 Latest version is 1.5.3
2024-01-24 16:26:15 App is up to date.
2024-01-24 17:26:15 Checking for update using Github
2024-01-24 17:26:15 Success.
2024-01-24 17:26:15 Latest version is 1.5.3
2024-01-24 17:26:15 App is up to date.
2024-01-24 18:26:15 Checking for update using Github
2024-01-24 18:26:15 Success.
2024-01-24 18:26:15 Latest version is 1.5.3
2024-01-24 18:26:15 App is up to date.
2024-01-24 19:26:15 Checking for update using Github
2024-01-24 19:26:15 Success.
2024-01-24 19:26:15 Latest version is 1.5.3
2024-01-24 19:26:15 App is up to date.
2024-01-24 22:45:09 Loading main app package /tmp/.mount_ObsidiazMCXu/resources/obsidian.asar
2024-01-24 22:45:09 Checking for update using Github
2024-01-24 22:45:09 Failed to check for update using Github (net::ERR_INTERNET_DISCONNECTED)
2024-01-24 22:45:09 Checking for update using obsidian.md
2024-01-24 22:45:09 Failed to check for update using obsidian.md (net::ERR_INTERNET_DISCONNECTED)
2024-01-24 23:57:05 Loading main app package /tmp/.mount_ObsidiJVUnOn/resources/obsidian.asar
2024-01-24 23:57:06 Checking for update using Github
2024-01-24 23:57:09 Success.
2024-01-24 23:57:09 Latest version is 1.5.3
2024-01-24 23:57:09 App is up to date.
2024-01-25 04:05:49 Checking for update using Github
2024-01-25 04:05:54 Success.
2024-01-25 04:05:54 Latest version is 1.5.3
2024-01-25 04:05:54 App is up to date.
2024-01-25 05:05:49 Checking for update using Github
2024-01-25 05:05:49 Success.
2024-01-25 05:05:49 Latest version is 1.5.3
2024-01-25 05:05:49 App is up to date.
2024-01-25 16:30:27 Checking for update using Github
2024-01-25 16:30:27 Success.
2024-01-25 16:30:27 Latest version is 1.5.3
2024-01-25 16:30:27 App is up to date.
2024-01-25 17:30:27 Checking for update using Github
2024-01-25 17:30:32 Success.
2024-01-25 17:30:32 Latest version is 1.5.3
2024-01-25 17:30:32 App is up to date.
2024-01-25 18:30:27 Checking for update using Github
2024-01-25 18:30:28 Success.
2024-01-25 18:30:28 Latest version is 1.5.3
2024-01-25 18:30:28 App is up to date.
2024-01-25 19:30:27 Checking for update using Github
2024-01-25 19:30:27 Success.
2024-01-25 19:30:27 Latest version is 1.5.3
2024-01-25 19:30:27 App is up to date.
2024-01-25 20:30:28 Checking for update using Github
2024-01-25 20:30:28 Success.
2024-01-25 20:30:28 Latest version is 1.5.3
2024-01-25 20:30:28 App is up to date.
2024-01-25 21:30:28 Checking for update using Github
2024-01-25 21:30:28 Success.
2024-01-25 21:30:28 Latest version is 1.5.3
2024-01-25 21:30:28 App is up to date.
2024-01-26 01:24:27 Checking for update using Github
2024-01-26 01:24:27 Success.
2024-01-26 01:24:27 Latest version is 1.5.3
2024-01-26 01:24:27 App is up to date.
2024-01-26 17:41:38 Checking for update using Github
2024-01-26 17:41:38 Success.
2024-01-26 17:41:38 Latest version is 1.5.3
2024-01-26 17:41:38 App is up to date.
2024-01-26 18:41:38 Checking for update using Github
2024-01-26 18:41:38 Success.
2024-01-26 18:41:38 Latest version is 1.5.3
2024-01-26 18:41:38 App is up to date.
2024-01-26 19:41:38 Checking for update using Github
2024-01-26 19:41:38 Success.
2024-01-26 19:41:38 Latest version is 1.5.3
2024-01-26 19:41:38 App is up to date.
2024-01-26 20:41:38 Checking for update using Github
2024-01-26 20:41:38 Success.
2024-01-26 20:41:38 Latest version is 1.5.3
2024-01-26 20:41:38 App is up to date.
2024-01-26 21:41:38 Checking for update using Github
2024-01-26 21:41:38 Success.
2024-01-26 21:41:38 Latest version is 1.5.3
2024-01-26 21:41:38 App is up to date.
2024-01-26 22:41:38 Checking for update using Github
2024-01-26 22:41:38 Success.
2024-01-26 22:41:38 Latest version is 1.5.3
2024-01-26 22:41:38 App is up to date.
2024-01-28 18:07:56 Checking for update using Github
2024-01-28 18:07:57 Success.
2024-01-28 18:07:57 Latest version is 1.5.3
2024-01-28 18:07:57 App is up to date.
2024-01-28 19:13:43 Checking for update using Github
2024-01-28 19:13:43 Success.
2024-01-28 19:13:43 Latest version is 1.5.3
2024-01-28 19:13:43 App is up to date.
2024-01-28 20:13:43 Checking for update using Github
2024-01-28 20:13:43 Success.
2024-01-28 20:13:43 Latest version is 1.5.3
2024-01-28 20:13:43 App is up to date.
2024-01-29 23:58:51 Checking for update using Github
2024-01-29 23:58:51 Success.
2024-01-29 23:58:51 Latest version is 1.5.3
2024-01-29 23:58:51 App is up to date.
2024-01-30 00:58:51 Checking for update using Github
2024-01-30 00:58:52 Success.
2024-01-30 00:58:52 Latest version is 1.5.3
2024-01-30 00:58:52 App is up to date.
2024-01-30 01:23:47 Loading main app package /tmp/.mount_Obsidi3fVNeV/resources/obsidian.asar
2024-01-30 01:23:48 Checking for update using Github
2024-01-30 01:23:48 Failed to check for update using Github (net::ERR_INTERNET_DISCONNECTED)
2024-01-30 01:23:48 Checking for update using obsidian.md
2024-01-30 01:23:48 Failed to check for update using obsidian.md (net::ERR_INTERNET_DISCONNECTED)
2024-01-30 02:24:12 Checking for update using Github
2024-01-30 02:24:12 Success.
2024-01-30 02:24:12 Latest version is 1.5.3
2024-01-30 02:24:12 App is up to date.
2024-01-30 03:24:12 Checking for update using Github
2024-01-30 03:24:12 Success.
2024-01-30 03:24:12 Latest version is 1.5.3
2024-01-30 03:24:12 App is up to date.
2024-01-30 22:21:38 Checking for update using Github
2024-01-30 22:21:38 Success.
2024-01-30 22:21:38 Latest version is 1.5.3
2024-01-30 22:21:38 App is up to date.
2024-01-31 22:51:30 Checking for update using Github
2024-01-31 22:51:41 Loading main app package /tmp/.mount_ObsidipAdeFu/resources/obsidian.asar
2024-01-31 22:51:42 Checking for update using Github
2024-01-31 22:51:42 Failed to check for update using Github (net::ERR_INTERNET_DISCONNECTED)
2024-01-31 22:51:42 Checking for update using obsidian.md
2024-01-31 22:51:42 Failed to check for update using obsidian.md (net::ERR_INTERNET_DISCONNECTED)
2024-02-01 15:51:13 Checking for update using Github
2024-02-01 15:51:13 Success.
2024-02-01 15:51:13 Latest version is 1.5.3
2024-02-01 15:51:13 App is up to date.
2024-02-01 16:51:13 Checking for update using Github
2024-02-01 16:51:13 Success.
2024-02-01 16:51:13 Latest version is 1.5.3
2024-02-01 16:51:13 App is up to date.
2024-02-01 17:51:13 Checking for update using Github
2024-02-01 17:51:13 Success.
2024-02-01 17:51:13 Latest version is 1.5.3
2024-02-01 17:51:13 App is up to date.
2024-02-01 18:51:13 Checking for update using Github
2024-02-01 18:51:13 Success.
2024-02-01 18:51:13 Latest version is 1.5.3
2024-02-01 18:51:13 App is up to date.
2024-02-01 19:51:13 Checking for update using Github
2024-02-01 19:51:13 Success.
2024-02-01 19:51:13 Latest version is 1.5.3
2024-02-01 19:51:13 App is up to date.
2024-02-01 20:51:13 Checking for update using Github
2024-02-01 20:51:13 Success.
2024-02-01 20:51:13 Latest version is 1.5.3
2024-02-01 20:51:13 App is up to date.
2024-02-01 21:51:13 Checking for update using Github
2024-02-01 21:51:13 Success.
2024-02-01 21:51:13 Latest version is 1.5.3
2024-02-01 21:51:13 App is up to date.
2024-02-01 22:51:13 Checking for update using Github
2024-02-01 22:51:13 Success.
2024-02-01 22:51:13 Latest version is 1.5.3
2024-02-01 22:51:13 App is up to date.
2024-02-01 23:51:13 Checking for update using Github
2024-02-01 23:51:13 Success.
2024-02-01 23:51:13 Latest version is 1.5.3
2024-02-01 23:51:13 App is up to date.
2024-02-02 00:51:13 Checking for update using Github
2024-02-02 00:51:13 Success.
2024-02-02 00:51:13 Latest version is 1.5.3
2024-02-02 00:51:13 App is up to date.
2024-02-02 17:27:08 Loading main app package /tmp/.mount_ObsidiKsSblz/resources/obsidian.asar
2024-02-02 17:27:09 Checking for update using Github
2024-02-02 17:27:10 Success.
2024-02-02 17:27:10 Latest version is 1.5.3
2024-02-02 17:27:10 App is up to date.
2024-02-04 17:28:48 Checking for update using Github
2024-02-04 17:28:48 Success.
2024-02-04 17:28:48 Latest version is 1.5.3
2024-02-04 17:28:48 App is up to date.
2024-02-04 17:38:18 Loading main app package /tmp/.mount_Obsidis3LL9y/resources/obsidian.asar
2024-02-04 17:38:19 Checking for update using Github
2024-02-04 17:38:20 Failed to check for update using Github (net::ERR_INTERNET_DISCONNECTED)
2024-02-04 17:38:20 Checking for update using obsidian.md
2024-02-04 17:38:20 Failed to check for update using obsidian.md (net::ERR_INTERNET_DISCONNECTED)
2024-02-05 16:01:59 Checking for update using Github
2024-02-05 16:01:59 Success.
2024-02-05 16:01:59 Latest version is 1.5.3
2024-02-05 16:01:59 App is up to date.
2024-02-05 17:01:59 Checking for update using Github
2024-02-05 17:02:00 Success.
2024-02-05 17:02:00 Latest version is 1.5.3
2024-02-05 17:02:00 App is up to date.
2024-02-05 18:01:59 Checking for update using Github
2024-02-05 18:01:59 Success.
2024-02-05 18:01:59 Latest version is 1.5.3
2024-02-05 18:01:59 App is up to date.
2024-02-06 04:23:15 Checking for update using Github
2024-02-06 04:23:20 Success.
2024-02-06 04:23:20 Latest version is 1.5.3
2024-02-06 04:23:20 App is up to date.
2024-02-06 05:23:15 Checking for update using Github
2024-02-06 05:23:17 Success.
2024-02-06 05:23:17 Latest version is 1.5.3
2024-02-06 05:23:17 App is up to date.
2024-02-06 13:20:26 Loading main app package /tmp/.mount_ObsidiEU9quN/resources/obsidian.asar
2024-02-06 13:20:27 Checking for update using Github
2024-02-06 13:20:32 Success.
2024-02-06 13:20:32 Latest version is 1.5.3
2024-02-06 13:20:32 App is up to date.
2024-02-06 14:20:24 Checking for update using Github
2024-02-06 14:20:24 Success.
2024-02-06 14:20:24 Latest version is 1.5.3
2024-02-06 14:20:24 App is up to date.
2024-02-06 15:20:24 Checking for update using Github
2024-02-06 15:20:24 Success.
2024-02-06 15:20:24 Latest version is 1.5.3
2024-02-06 15:20:24 App is up to date.
2024-02-06 16:20:25 Checking for update using Github
2024-02-06 16:20:25 Success.
2024-02-06 16:20:25 Latest version is 1.5.3
2024-02-06 16:20:25 App is up to date.
2024-02-06 23:11:09 Checking for update using Github
2024-02-06 23:11:09 Success.
2024-02-06 23:11:09 Latest version is 1.5.3
2024-02-06 23:11:09 App is up to date.
2024-02-07 00:11:09 Checking for update using Github
2024-02-07 00:11:09 Success.
2024-02-07 00:11:09 Latest version is 1.5.3
2024-02-07 00:11:09 App is up to date.
2024-02-07 16:16:21 Checking for update using Github
2024-02-07 16:16:24 Success.
2024-02-07 16:16:24 Latest version is 1.5.3
2024-02-07 16:16:24 App is up to date.
2024-02-08 17:19:27 Checking for update using Github
2024-02-08 17:19:29 Success.
2024-02-08 17:19:29 Latest version is 1.5.3
2024-02-08 17:19:29 App is up to date.
2024-02-09 00:34:57 Checking for update using Github
2024-02-09 00:34:59 Success.
2024-02-09 00:34:59 Latest version is 1.5.3
2024-02-09 00:34:59 App is up to date.
2024-02-09 14:14:56 Loading main app package /tmp/.mount_ObsidiGfnY4W/resources/obsidian.asar
2024-02-09 14:14:57 Checking for update using Github
2024-02-09 14:14:57 Success.
2024-02-09 14:14:57 Latest version is 1.5.3
2024-02-09 14:14:57 App is up to date.
2024-02-09 14:40:28 Loading main app package /tmp/.mount_ObsidiPiP3sk/resources/obsidian.asar
2024-02-09 14:40:29 Checking for update using Github
2024-02-09 14:40:35 Success.
2024-02-09 14:40:35 Latest version is 1.5.3
2024-02-09 14:40:35 App is up to date.
2024-02-09 16:16:17 Checking for update using Github
2024-02-09 16:16:20 Success.
2024-02-09 16:16:20 Latest version is 1.5.3
2024-02-09 16:16:20 App is up to date.
2024-02-09 22:49:02 Checking for update using Github
2024-02-09 22:49:03 Success.
2024-02-09 22:49:03 Latest version is 1.5.3
2024-02-09 22:49:03 App is up to date.
2024-02-10 16:17:24 Checking for update using Github
2024-02-10 16:34:51 Loading main app package /tmp/.mount_ObsidiDG2L1t/resources/obsidian.asar
2024-02-10 16:34:51 Checking for update using Github
2024-02-10 16:34:52 Success.
2024-02-10 16:34:52 Latest version is 1.5.3
2024-02-10 16:34:52 App is up to date.
2024-02-10 17:43:01 Checking for update using Github
2024-02-10 17:43:01 Success.
2024-02-10 17:43:01 Latest version is 1.5.3
2024-02-10 17:43:01 App is up to date.
2024-02-11 17:26:12 Checking for update using Github
2024-02-11 17:26:14 Success.
2024-02-11 17:26:14 Latest version is 1.5.3
2024-02-11 17:26:14 App is up to date.
2024-02-13 04:02:42 Checking for update using Github
2024-02-13 16:21:39 Loading main app package /tmp/.mount_Obsidi2hPgcL/resources/obsidian.asar
2024-02-13 16:21:39 Checking for update using Github
2024-02-13 16:21:39 Failed to check for update using Github (net::ERR_INTERNET_DISCONNECTED)
2024-02-13 16:21:39 Checking for update using obsidian.md
2024-02-13 16:21:39 Failed to check for update using obsidian.md (net::ERR_INTERNET_DISCONNECTED)
2024-02-13 17:21:32 Checking for update using Github
2024-02-13 17:21:34 Success.
2024-02-13 17:21:34 Latest version is 1.5.3
2024-02-13 17:21:34 App is up to date.
2024-02-14 16:31:43 Checking for update using Github
2024-02-14 16:31:45 Success.
2024-02-14 16:31:45 Latest version is 1.5.3
2024-02-14 16:31:45 App is up to date.
2024-02-14 20:27:48 Loading main app package /tmp/.mount_ObsidiWqgqI7/resources/obsidian.asar
2024-02-14 20:27:49 Checking for update using Github
2024-02-14 20:27:49 Success.
2024-02-14 20:27:49 Latest version is 1.5.3
2024-02-14 20:27:49 App is up to date.
2024-02-14 21:27:43 Checking for update using Github
2024-02-14 21:27:43 Success.
2024-02-14 21:27:43 Latest version is 1.5.3
2024-02-14 21:27:43 App is up to date.
2024-02-14 22:27:43 Checking for update using Github
2024-02-14 22:27:43 Success.
2024-02-14 22:27:43 Latest version is 1.5.3
2024-02-14 22:27:43 App is up to date.
2024-02-16 01:00:09 Checking for update using Github
2024-02-16 01:00:10 Success.
2024-02-16 01:00:10 Latest version is 1.5.3
2024-02-16 01:00:10 App is up to date.
2024-02-16 02:00:09 Checking for update using Github
2024-02-16 02:00:10 Success.
2024-02-16 02:00:10 Latest version is 1.5.3
2024-02-16 02:00:10 App is up to date.
2024-02-16 03:00:09 Checking for update using Github
2024-02-16 03:00:11 Success.
2024-02-16 03:00:11 Latest version is 1.5.3
2024-02-16 03:00:11 App is up to date.
2024-02-16 04:00:09 Checking for update using Github
2024-02-16 04:00:10 Success.
2024-02-16 04:00:10 Latest version is 1.5.3
2024-02-16 04:00:10 App is up to date.
2024-02-16 05:00:09 Checking for update using Github
2024-02-16 05:00:11 Success.
2024-02-16 05:00:11 Latest version is 1.5.3
2024-02-16 05:00:11 App is up to date.
2024-02-16 06:00:10 Checking for update using Github
2024-02-16 06:00:11 Success.
2024-02-16 06:00:11 Latest version is 1.5.3
2024-02-16 06:00:11 App is up to date.
2024-02-16 16:03:30 Loading main app package /tmp/.mount_Obsidi9STYFg/resources/obsidian.asar
2024-02-16 16:03:30 Checking for update using Github
2024-02-16 16:03:31 Success.
2024-02-16 16:03:31 Latest version is 1.5.3
2024-02-16 16:03:31 App is up to date.
2024-02-16 17:03:22 Checking for update using Github
2024-02-16 17:03:24 Success.
2024-02-16 17:03:24 Latest version is 1.5.3
2024-02-16 17:03:24 App is up to date.
2024-02-17 03:16:20 Checking for update using Github
2024-02-17 03:16:20 Success.
2024-02-17 03:16:20 Latest version is 1.5.3
2024-02-17 03:16:20 App is up to date.
2024-02-17 04:16:20 Checking for update using Github
2024-02-17 04:16:20 Success.
2024-02-17 04:16:20 Latest version is 1.5.3
2024-02-17 04:16:20 App is up to date.
2024-02-17 05:16:20 Checking for update using Github
2024-02-17 05:16:20 Success.
2024-02-17 05:16:20 Latest version is 1.5.3
2024-02-17 05:16:20 App is up to date.
2024-02-17 17:34:34 Loading main app package /tmp/.mount_Obsidiak8v6P/resources/obsidian.asar
2024-02-17 17:34:35 Checking for update using Github
2024-02-17 17:34:35 Success.
2024-02-17 17:34:35 Latest version is 1.5.3
2024-02-17 17:34:35 App is up to date.
2024-02-17 18:34:26 Checking for update using Github
2024-02-17 18:34:27 Success.
2024-02-17 18:34:27 Latest version is 1.5.3
2024-02-17 18:34:27 App is up to date.
2024-02-17 19:34:26 Checking for update using Github
2024-02-17 19:34:28 Success.
2024-02-17 19:34:28 Latest version is 1.5.3
2024-02-17 19:34:28 App is up to date.
2024-02-17 20:34:26 Checking for update using Github
2024-02-17 20:34:27 Success.
2024-02-17 20:34:27 Latest version is 1.5.3
2024-02-17 20:34:27 App is up to date.
2024-02-17 21:34:26 Checking for update using Github
2024-02-17 21:34:28 Success.
2024-02-17 21:34:28 Latest version is 1.5.3
2024-02-17 21:34:28 App is up to date.
2024-02-18 16:00:13 Checking for update using Github
2024-02-18 16:00:14 Success.
2024-02-18 16:00:14 Latest version is 1.5.3
2024-02-18 16:00:14 App is up to date.
2024-02-18 20:23:28 Checking for update using Github
2024-02-18 20:23:29 Success.
2024-02-18 20:23:29 Latest version is 1.5.3
2024-02-18 20:23:29 App is up to date.
2024-02-18 21:23:28 Checking for update using Github
2024-02-18 21:23:29 Success.
2024-02-18 21:23:29 Latest version is 1.5.3
2024-02-18 21:23:29 App is up to date.
2024-02-18 22:23:28 Checking for update using Github
2024-02-18 22:23:29 Success.
2024-02-18 22:23:29 Latest version is 1.5.3
2024-02-18 22:23:29 App is up to date.
2024-02-19 16:07:55 Checking for update using Github
2024-02-19 16:07:56 Success.
2024-02-19 16:07:56 Latest version is 1.5.3
2024-02-19 16:07:56 App is up to date.
2024-02-19 17:07:55 Checking for update using Github
2024-02-19 17:07:57 Success.
2024-02-19 17:07:57 Latest version is 1.5.3
2024-02-19 17:07:57 App is up to date.
2024-02-19 18:07:55 Checking for update using Github
2024-02-19 18:07:55 Success.
2024-02-19 18:07:55 Latest version is 1.5.3
2024-02-19 18:07:55 App is up to date.
2024-02-19 22:15:51 Checking for update using Github
2024-02-19 22:15:52 Success.
2024-02-19 22:15:52 Latest version is 1.5.3
2024-02-19 22:15:52 App is up to date.
2024-02-19 23:15:51 Checking for update using Github
2024-02-19 23:15:52 Success.
2024-02-19 23:15:52 Latest version is 1.5.3
2024-02-19 23:15:52 App is up to date.
2024-02-20 00:15:51 Checking for update using Github
2024-02-20 00:15:53 Success.
2024-02-20 00:15:53 Latest version is 1.5.3
2024-02-20 00:15:53 App is up to date.
2024-02-20 15:20:50 Checking for update using Github
2024-02-20 15:20:50 Success.
2024-02-20 15:20:50 Latest version is 1.5.3
2024-02-20 15:20:50 App is up to date.
2024-02-20 16:20:50 Checking for update using Github
2024-02-20 16:20:52 Success.
2024-02-20 16:20:52 Latest version is 1.5.3
2024-02-20 16:20:52 App is up to date.
2024-02-20 22:17:07 Loading main app package /tmp/.mount_ObsidiixJ1yq/resources/obsidian.asar
2024-02-20 22:17:08 Checking for update using Github
2024-02-20 22:17:09 Failed to check for update using Github (net::ERR_NAME_NOT_RESOLVED)
2024-02-20 22:17:09 Checking for update using obsidian.md
2024-02-20 22:17:09 Success.
2024-02-20 22:17:09 Latest version is 1.5.3
2024-02-20 22:17:09 App is up to date.
2024-02-21 19:57:26 Checking for update using Github
2024-02-21 19:57:26 Failed to check for update using Github (net::ERR_NAME_NOT_RESOLVED)
2024-02-21 19:57:26 Checking for update using obsidian.md
2024-02-21 19:57:27 Failed to check for update using obsidian.md (net::ERR_NAME_NOT_RESOLVED)
2024-02-21 20:57:27 Checking for update using Github
2024-02-21 20:57:27 Failed to check for update using Github (net::ERR_NAME_NOT_RESOLVED)
2024-02-21 20:57:27 Checking for update using obsidian.md
2024-02-21 20:57:27 Failed to check for update using obsidian.md (net::ERR_NAME_NOT_RESOLVED)
2024-02-21 21:57:27 Checking for update using Github
2024-02-21 21:57:27 Success.
2024-02-21 21:57:27 Latest version is 1.5.3
2024-02-21 21:57:27 App is up to date.
2024-02-22 02:46:31 Checking for update using Github
2024-02-22 02:46:32 Success.
2024-02-22 02:46:32 Latest version is 1.5.3
2024-02-22 02:46:32 App is up to date.
2024-02-22 03:46:31 Checking for update using Github
2024-02-22 03:46:32 Success.
2024-02-22 03:46:32 Latest version is 1.5.3
2024-02-22 03:46:32 App is up to date.
2024-02-22 04:46:31 Checking for update using Github
2024-02-22 04:46:33 Success.
2024-02-22 04:46:33 Latest version is 1.5.3
2024-02-22 04:46:33 App is up to date.
2024-02-22 05:46:31 Checking for update using Github
2024-02-22 05:46:32 Success.
2024-02-22 05:46:32 Latest version is 1.5.3
2024-02-22 05:46:32 App is up to date.
2024-02-23 16:35:26 Checking for update using Github
2024-02-23 16:35:28 Success.
2024-02-23 16:35:28 Latest version is 1.5.8
2024-02-23 16:35:28 Downloading update from https://github.com/obsidianmd/obsidian-releases/releases/download/v1.5.8/obsidian-1.5.8.asar.gz
2024-02-23 16:35:38 Verifying hash & signature. Size= 8652806
2024-02-23 16:35:38 Saving file
2024-02-23 16:35:38 Update complete.
2024-02-23 17:35:26 Checking for update using Github
2024-02-23 17:35:28 Success.
2024-02-23 17:35:28 Latest version is 1.5.8
2024-02-23 17:35:28 An update is already downloaded.
2024-02-24 00:29:18 Loading updated app package /home/nklump/.config/obsidian/obsidian-1.5.8.asar
2024-02-24 00:29:18 Checking for update using Github
2024-02-24 00:29:19 Success.
2024-02-24 00:29:19 Latest version is 1.5.8
2024-02-24 00:29:19 App is up to date.
2024-02-24 01:29:08 Checking for update using Github
2024-02-24 01:29:08 Success.
2024-02-24 01:29:08 Latest version is 1.5.8
2024-02-24 01:29:08 App is up to date.
2024-02-24 02:29:08 Checking for update using Github
2024-02-24 02:29:08 Success.
2024-02-24 02:29:08 Latest version is 1.5.8
2024-02-24 02:29:08 App is up to date.
2024-02-24 03:29:08 Checking for update using Github
2024-02-24 03:29:08 Success.
2024-02-24 03:29:08 Latest version is 1.5.8
2024-02-24 03:29:08 App is up to date.
2024-02-24 22:16:10 Loading updated app package /home/nklump/.config/obsidian/obsidian-1.5.8.asar
2024-02-24 22:16:10 Checking for update using Github
2024-02-24 22:16:10 Failed to check for update using Github (net::ERR_NAME_NOT_RESOLVED)
2024-02-24 22:16:10 Checking for update using obsidian.md
2024-02-24 22:16:10 Failed to check for update using obsidian.md (net::ERR_NAME_NOT_RESOLVED)
2024-02-24 23:15:59 Checking for update using Github
2024-02-24 23:15:59 Success.
2024-02-24 23:15:59 Latest version is 1.5.8
2024-02-24 23:15:59 App is up to date.
2024-02-25 00:15:59 Checking for update using Github
2024-02-25 00:16:00 Success.
2024-02-25 00:16:00 Latest version is 1.5.8
2024-02-25 00:16:00 App is up to date.
2024-02-25 01:15:59 Checking for update using Github
2024-02-25 01:15:59 Success.
2024-02-25 01:15:59 Latest version is 1.5.8
2024-02-25 01:15:59 App is up to date.
2024-02-25 16:54:22 Checking for update using Github
2024-02-25 16:54:22 Success.
2024-02-25 16:54:22 Latest version is 1.5.8
2024-02-25 16:54:22 App is up to date.
2024-02-25 17:54:22 Checking for update using Github
2024-02-25 17:54:22 Success.
2024-02-25 17:54:22 Latest version is 1.5.8
2024-02-25 17:54:22 App is up to date.
2024-02-25 18:54:22 Checking for update using Github
2024-02-25 18:54:22 Success.
2024-02-25 18:54:22 Latest version is 1.5.8
2024-02-25 18:54:22 App is up to date.
2024-02-26 06:19:44 Checking for update using Github
2024-02-26 06:19:44 Success.
2024-02-26 06:19:44 Latest version is 1.5.8
2024-02-26 06:19:44 App is up to date.
2024-02-26 07:19:44 Checking for update using Github
2024-02-26 07:19:44 Success.
2024-02-26 07:19:44 Latest version is 1.5.8
2024-02-26 07:19:44 App is up to date.
2024-02-26 08:19:44 Checking for update using Github
2024-02-26 08:19:44 Success.
2024-02-26 08:19:44 Latest version is 1.5.8
2024-02-26 08:19:44 App is up to date.
2024-02-26 09:19:44 Checking for update using Github
2024-02-26 09:19:44 Success.
2024-02-26 09:19:44 Latest version is 1.5.8
2024-02-26 09:19:44 App is up to date.
2024-02-26 10:19:44 Checking for update using Github
2024-02-26 10:19:44 Success.
2024-02-26 10:19:44 Latest version is 1.5.8
2024-02-26 10:19:44 App is up to date.
2024-02-26 11:19:45 Checking for update using Github
2024-02-26 11:19:45 Success.
2024-02-26 11:19:45 Latest version is 1.5.8
2024-02-26 11:19:45 App is up to date.
2024-02-26 12:19:45 Checking for update using Github
2024-02-26 12:19:45 Success.
2024-02-26 12:19:45 Latest version is 1.5.8
2024-02-26 12:19:45 App is up to date.
2024-02-26 13:19:45 Checking for update using Github
2024-02-26 13:19:45 Success.
2024-02-26 13:19:45 Latest version is 1.5.8
2024-02-26 13:19:45 App is up to date.
2024-02-26 14:19:45 Checking for update using Github
2024-02-26 14:19:45 Success.
2024-02-26 14:19:45 Latest version is 1.5.8
2024-02-26 14:19:45 App is up to date.
2024-02-26 15:19:45 Checking for update using Github
2024-02-26 15:19:45 Success.
2024-02-26 15:19:45 Latest version is 1.5.8
2024-02-26 15:19:45 App is up to date.
2024-02-26 16:34:24 Checking for update using Github
2024-02-26 16:34:24 Success.
2024-02-26 16:34:24 Latest version is 1.5.8
2024-02-26 16:34:24 App is up to date.
2024-02-26 17:34:24 Checking for update using Github
2024-02-26 17:34:24 Success.
2024-02-26 17:34:24 Latest version is 1.5.8
2024-02-26 17:34:24 App is up to date.
2024-02-26 18:34:24 Checking for update using Github
2024-02-26 18:34:24 Success.
2024-02-26 18:34:24 Latest version is 1.5.8
2024-02-26 18:34:24 App is up to date.
2024-02-26 19:34:24 Checking for update using Github
2024-02-26 19:34:24 Success.
2024-02-26 19:34:24 Latest version is 1.5.8
2024-02-26 19:34:24 App is up to date.
2024-02-26 20:34:24 Checking for update using Github
2024-02-26 20:34:24 Success.
2024-02-26 20:34:24 Latest version is 1.5.8
2024-02-26 20:34:24 App is up to date.
2024-02-26 21:34:24 Checking for update using Github
2024-02-26 21:34:24 Success.
2024-02-26 21:34:24 Latest version is 1.5.8
2024-02-26 21:34:24 App is up to date.
2024-02-26 22:34:24 Checking for update using Github
2024-02-26 22:34:24 Success.
2024-02-26 22:34:24 Latest version is 1.5.8
2024-02-26 22:34:24 App is up to date.
2024-02-26 23:34:25 Checking for update using Github
2024-02-26 23:34:25 Success.
2024-02-26 23:34:25 Latest version is 1.5.8
2024-02-26 23:34:25 App is up to date.
2024-02-27 00:34:25 Checking for update using Github
2024-02-27 00:34:25 Success.
2024-02-27 00:34:25 Latest version is 1.5.8
2024-02-27 00:34:25 App is up to date.
2024-02-27 01:34:25 Checking for update using Github
2024-02-27 01:34:25 Success.
2024-02-27 01:34:25 Latest version is 1.5.8
2024-02-27 01:34:25 App is up to date.
2024-02-27 02:34:25 Checking for update using Github
2024-02-27 02:34:25 Success.
2024-02-27 02:34:25 Latest version is 1.5.8
2024-02-27 02:34:25 App is up to date.
2024-02-27 03:34:25 Checking for update using Github
2024-02-27 03:34:25 Success.
2024-02-27 03:34:25 Latest version is 1.5.8
2024-02-27 03:34:25 App is up to date.
2024-02-27 18:07:38 Loading updated app package /home/nklump/.config/obsidian/obsidian-1.5.8.asar
2024-02-27 18:07:38 Checking for update using Github
2024-02-27 18:07:39 Success.
2024-02-27 18:07:39 Latest version is 1.5.8
2024-02-27 18:07:39 App is up to date.
2024-02-27 19:07:25 Checking for update using Github
2024-02-27 19:07:25 Success.
2024-02-27 19:07:25 Latest version is 1.5.8
2024-02-27 19:07:25 App is up to date.
2024-02-27 20:07:25 Checking for update using Github
2024-02-27 20:07:25 Success.
2024-02-27 20:07:25 Latest version is 1.5.8
2024-02-27 20:07:25 App is up to date.
2024-02-27 21:07:25 Checking for update using Github
2024-02-27 21:07:25 Success.
2024-02-27 21:07:25 Latest version is 1.5.8
2024-02-27 21:07:25 App is up to date.
2024-02-27 22:07:25 Checking for update using Github
2024-02-27 22:07:25 Success.
2024-02-27 22:07:25 Latest version is 1.5.8
2024-02-27 22:07:25 App is up to date.
2024-02-27 23:07:25 Checking for update using Github
2024-02-27 23:07:25 Success.
2024-02-27 23:07:25 Latest version is 1.5.8
2024-02-27 23:07:25 App is up to date.
2024-02-28 00:07:25 Checking for update using Github
2024-02-28 00:07:25 Success.
2024-02-28 00:07:25 Latest version is 1.5.8
2024-02-28 00:07:25 App is up to date.
2024-02-28 01:07:26 Checking for update using Github
2024-02-28 01:07:26 Success.
2024-02-28 01:07:26 Latest version is 1.5.8
2024-02-28 01:07:26 App is up to date.
2024-02-28 02:07:26 Checking for update using Github
2024-02-28 02:07:26 Success.
2024-02-28 02:07:26 Latest version is 1.5.8
2024-02-28 02:07:26 App is up to date.
2024-02-28 03:07:26 Checking for update using Github
2024-02-28 03:07:26 Success.
2024-02-28 03:07:26 Latest version is 1.5.8
2024-02-28 03:07:26 App is up to date.
2024-02-28 04:07:26 Checking for update using Github
2024-02-28 04:07:26 Success.
2024-02-28 04:07:26 Latest version is 1.5.8
2024-02-28 04:07:26 App is up to date.
2024-02-28 05:07:26 Checking for update using Github
2024-02-28 05:07:26 Success.
2024-02-28 05:07:26 Latest version is 1.5.8
2024-02-28 05:07:26 App is up to date.
2024-02-28 06:07:26 Checking for update using Github
2024-02-28 06:07:26 Success.
2024-02-28 06:07:26 Latest version is 1.5.8
2024-02-28 06:07:26 App is up to date.
2024-02-28 07:07:26 Checking for update using Github
2024-02-28 07:07:26 Success.
2024-02-28 07:07:26 Latest version is 1.5.8
2024-02-28 07:07:26 App is up to date.
2024-02-28 08:07:26 Checking for update using Github
2024-02-28 08:07:26 Success.
2024-02-28 08:07:26 Latest version is 1.5.8
2024-02-28 08:07:26 App is up to date.
2024-02-28 09:07:26 Checking for update using Github
2024-02-28 09:07:26 Success.
2024-02-28 09:07:26 Latest version is 1.5.8
2024-02-28 09:07:26 App is up to date.
2024-02-28 10:07:26 Checking for update using Github
2024-02-28 10:07:26 Success.
2024-02-28 10:07:26 Latest version is 1.5.8
2024-02-28 10:07:26 App is up to date.
2024-02-28 11:07:26 Checking for update using Github
2024-02-28 11:07:27 Success.
2024-02-28 11:07:27 Latest version is 1.5.8
2024-02-28 11:07:27 App is up to date.
2024-02-28 12:07:27 Checking for update using Github
2024-02-28 12:07:27 Success.
2024-02-28 12:07:27 Latest version is 1.5.8
2024-02-28 12:07:27 App is up to date.
2024-02-28 13:07:27 Checking for update using Github
2024-02-28 13:07:27 Success.
2024-02-28 13:07:27 Latest version is 1.5.8
2024-02-28 13:07:27 App is up to date.
2024-02-28 14:07:27 Checking for update using Github
2024-02-28 14:07:27 Success.
2024-02-28 14:07:27 Latest version is 1.5.8
2024-02-28 14:07:27 App is up to date.
2024-02-28 15:04:49 Loading updated app package /home/nklump/.config/obsidian/obsidian-1.5.8.asar
2024-02-28 15:04:49 Checking for update using Github
2024-02-28 15:04:50 Success.
2024-02-28 15:04:50 Latest version is 1.5.8
2024-02-28 15:04:50 App is up to date.
2024-02-28 16:04:37 Checking for update using Github
2024-02-28 16:04:37 Success.
2024-02-28 16:04:37 Latest version is 1.5.8
2024-02-28 16:04:37 App is up to date.
2024-02-28 17:04:37 Checking for update using Github
2024-02-28 17:04:37 Success.
2024-02-28 17:04:37 Latest version is 1.5.8
2024-02-28 17:04:37 App is up to date.
2024-02-28 18:04:37 Checking for update using Github
2024-02-28 18:04:37 Success.
2024-02-28 18:04:37 Latest version is 1.5.8
2024-02-28 18:04:37 App is up to date.
2024-02-28 19:04:37 Checking for update using Github
2024-02-28 19:04:39 Success.
2024-02-28 19:04:39 Latest version is 1.5.8
2024-02-28 19:04:39 App is up to date.
2024-02-28 20:04:37 Checking for update using Github
2024-02-28 20:04:37 Success.
2024-02-28 20:04:37 Latest version is 1.5.8
2024-02-28 20:04:37 App is up to date.
2024-02-28 21:04:37 Checking for update using Github
2024-02-28 21:04:37 Success.
2024-02-28 21:04:37 Latest version is 1.5.8
2024-02-28 21:04:37 App is up to date.
2024-02-28 22:04:37 Checking for update using Github
2024-02-28 22:04:38 Success.
2024-02-28 22:04:38 Latest version is 1.5.8
2024-02-28 22:04:38 App is up to date.
2024-02-28 23:04:38 Checking for update using Github
2024-02-28 23:04:38 Success.
2024-02-28 23:04:38 Latest version is 1.5.8
2024-02-28 23:04:38 App is up to date.
2024-02-29 00:04:38 Checking for update using Github
2024-02-29 00:04:38 Success.
2024-02-29 00:04:38 Latest version is 1.5.8
2024-02-29 00:04:38 App is up to date.
2024-02-29 01:04:38 Checking for update using Github
2024-02-29 01:04:40 Success.
2024-02-29 01:04:40 Latest version is 1.5.8
2024-02-29 01:04:40 App is up to date.
2024-02-29 02:04:38 Checking for update using Github
2024-02-29 02:04:40 Success.
2024-02-29 02:04:40 Latest version is 1.5.8
2024-02-29 02:04:40 App is up to date.
2024-02-29 04:12:52 Checking for update using Github
2024-02-29 04:12:52 Success.
2024-02-29 04:12:52 Latest version is 1.5.8
2024-02-29 04:12:52 App is up to date.
2024-02-29 05:12:52 Checking for update using Github
2024-02-29 05:12:54 Success.
2024-02-29 05:12:54 Latest version is 1.5.8
2024-02-29 05:12:54 App is up to date.
2024-02-29 06:12:52 Checking for update using Github
2024-02-29 06:12:57 Success.
2024-02-29 06:12:57 Latest version is 1.5.8
2024-02-29 06:12:57 App is up to date.
2024-02-29 17:05:00 Checking for update using Github
2024-02-29 17:05:00 Success.
2024-02-29 17:05:00 Latest version is 1.5.8
2024-02-29 17:05:00 App is up to date.
2024-03-01 19:43:12 Checking for update using Github
2024-03-01 19:44:04 Loading updated app package /home/nklump/.config/obsidian/obsidian-1.5.8.asar
2024-03-01 19:44:04 Checking for update using Github
2024-03-01 19:44:05 Success.
2024-03-01 19:44:05 Latest version is 1.5.8
2024-03-01 19:44:05 App is up to date.
2024-03-01 20:43:49 Checking for update using Github
2024-03-01 20:43:52 Success.
2024-03-01 20:43:52 Latest version is 1.5.8
2024-03-01 20:43:52 App is up to date.
2024-03-01 21:43:49 Checking for update using Github
2024-03-01 21:43:52 Success.
2024-03-01 21:43:52 Latest version is 1.5.8
2024-03-01 21:43:52 App is up to date.
2024-03-01 22:43:50 Checking for update using Github
2024-03-01 22:43:52 Success.
2024-03-01 22:43:52 Latest version is 1.5.8
2024-03-01 22:43:52 App is up to date.
2024-03-01 23:43:50 Checking for update using Github
2024-03-01 23:43:52 Success.
2024-03-01 23:43:52 Latest version is 1.5.8
2024-03-01 23:43:52 App is up to date.
2024-03-02 00:43:50 Checking for update using Github
2024-03-02 00:43:52 Success.
2024-03-02 00:43:52 Latest version is 1.5.8
2024-03-02 00:43:52 App is up to date.
2024-03-02 01:43:50 Checking for update using Github
2024-03-02 01:43:52 Success.
2024-03-02 01:43:52 Latest version is 1.5.8
2024-03-02 01:43:52 App is up to date.
2024-03-02 02:43:50 Checking for update using Github
2024-03-02 02:43:52 Success.
2024-03-02 02:43:52 Latest version is 1.5.8
2024-03-02 02:43:52 App is up to date.
2024-03-02 03:43:50 Checking for update using Github
2024-03-02 03:43:50 Success.
2024-03-02 03:43:50 Latest version is 1.5.8
2024-03-02 03:43:50 App is up to date.
2024-03-02 18:52:38 Checking for update using Github
2024-03-02 18:52:38 Success.
2024-03-02 18:52:38 Latest version is 1.5.8
2024-03-02 18:52:38 App is up to date.
2024-03-02 19:52:38 Checking for update using Github
2024-03-02 19:52:38 Success.
2024-03-02 19:52:38 Latest version is 1.5.8
2024-03-02 19:52:38 App is up to date.
2024-03-02 20:52:38 Checking for update using Github
2024-03-02 20:52:38 Success.
2024-03-02 20:52:38 Latest version is 1.5.8
2024-03-02 20:52:38 App is up to date.
2024-03-02 21:30:14 Loading updated app package /home/nklump/.config/obsidian/obsidian-1.5.8.asar
2024-03-02 21:30:15 Checking for update using Github
2024-03-02 21:30:15 Failed to check for update using Github (net::ERR_INTERNET_DISCONNECTED)
2024-03-02 21:30:15 Checking for update using obsidian.md
2024-03-02 21:30:15 Failed to check for update using obsidian.md (net::ERR_INTERNET_DISCONNECTED)
2024-03-02 22:30:00 Checking for update using Github
2024-03-02 22:30:06 Success.
2024-03-02 22:30:06 Latest version is 1.5.8
2024-03-02 22:30:06 App is up to date.
2024-03-03 01:18:01 Checking for update using Github
2024-03-03 01:18:01 Success.
2024-03-03 01:18:01 Latest version is 1.5.8
2024-03-03 01:18:01 App is up to date.
2024-03-03 02:18:01 Checking for update using Github
2024-03-03 02:18:01 Success.
2024-03-03 02:18:01 Latest version is 1.5.8
2024-03-03 02:18:01 App is up to date.
2024-03-03 03:18:01 Checking for update using Github
2024-03-03 03:18:01 Success.
2024-03-03 03:18:01 Latest version is 1.5.8
2024-03-03 03:18:01 App is up to date.
2024-03-03 04:18:01 Checking for update using Github
2024-03-03 04:18:01 Success.
2024-03-03 04:18:01 Latest version is 1.5.8
2024-03-03 04:18:01 App is up to date.
2024-03-03 05:18:01 Checking for update using Github
2024-03-03 05:18:01 Success.
2024-03-03 05:18:01 Latest version is 1.5.8
2024-03-03 05:18:01 App is up to date.
2024-03-03 06:18:01 Checking for update using Github
2024-03-03 06:18:01 Success.
2024-03-03 06:18:01 Latest version is 1.5.8
2024-03-03 06:18:01 App is up to date.
2024-03-03 07:18:01 Checking for update using Github
2024-03-03 07:18:01 Success.
2024-03-03 07:18:01 Latest version is 1.5.8
2024-03-03 07:18:01 App is up to date.
2024-03-03 08:18:01 Checking for update using Github
2024-03-03 08:18:01 Success.
2024-03-03 08:18:01 Latest version is 1.5.8
2024-03-03 08:18:01 App is up to date.
2024-03-03 09:18:01 Checking for update using Github
2024-03-03 09:18:01 Success.
2024-03-03 09:18:01 Latest version is 1.5.8
2024-03-03 09:18:01 App is up to date.
2024-03-03 10:18:01 Checking for update using Github
2024-03-03 10:18:01 Success.
2024-03-03 10:18:01 Latest version is 1.5.8
2024-03-03 10:18:01 App is up to date.
2024-03-03 11:18:01 Checking for update using Github
2024-03-03 11:18:01 Success.
2024-03-03 11:18:01 Latest version is 1.5.8
2024-03-03 11:18:01 App is up to date.
2024-03-03 12:18:01 Checking for update using Github
2024-03-03 12:18:11 Success.
2024-03-03 12:18:11 Latest version is 1.5.8
2024-03-03 12:18:11 App is up to date.
2024-03-03 13:18:01 Checking for update using Github
2024-03-03 13:18:02 Success.
2024-03-03 13:18:02 Latest version is 1.5.8
2024-03-03 13:18:02 App is up to date.
2024-03-03 14:18:02 Checking for update using Github
2024-03-03 14:18:02 Success.
2024-03-03 14:18:02 Latest version is 1.5.8
2024-03-03 14:18:02 App is up to date.
2024-03-03 15:18:02 Checking for update using Github
2024-03-03 15:18:07 Success.
2024-03-03 15:18:07 Latest version is 1.5.8
2024-03-03 15:18:07 App is up to date.
2024-03-03 16:18:02 Checking for update using Github
2024-03-03 16:18:02 Success.
2024-03-03 16:18:02 Latest version is 1.5.8
2024-03-03 16:18:02 App is up to date.
2024-03-03 17:18:02 Checking for update using Github
2024-03-03 17:18:02 Success.
2024-03-03 17:18:02 Latest version is 1.5.8
2024-03-03 17:18:02 App is up to date.
2024-03-03 18:18:02 Checking for update using Github
2024-03-03 18:18:04 Success.
2024-03-03 18:18:04 Latest version is 1.5.8
2024-03-03 18:18:04 App is up to date.
2024-03-03 19:18:02 Checking for update using Github
2024-03-03 19:18:02 Success.
2024-03-03 19:18:02 Latest version is 1.5.8
2024-03-03 19:18:02 App is up to date.
2024-03-03 20:18:02 Checking for update using Github
2024-03-03 20:18:02 Success.
2024-03-03 20:18:02 Latest version is 1.5.8
2024-03-03 20:18:02 App is up to date.
